This file contains any messages produced by compilers while
running configure, to aid debugging if configure makes a mistake.

It was created by configure, which was
generated by GNU Autoconf 2.69.  Invocation command line was

  $ ./configure --target=mingw

## --------- ##
## Platform. ##
## --------- ##

hostname = liyingjiedeMacBook.local
uname -m = x86_64
uname -r = 14.3.0
uname -s = Darwin
uname -v = Darwin Kernel Version 14.3.0: Mon Mar 23 11:59:05 PDT 2015; root:xnu-2782.20.48~5/RELEASE_X86_64

/usr/bin/uname -p = i386
/bin/uname -X     = unknown

/bin/arch              = unknown
/usr/bin/arch -k       = unknown
/usr/convex/getsysinfo = unknown
/usr/bin/hostinfo      = Mach kernel version:
	 Darwin Kernel Version 14.3.0: Mon Mar 23 11:59:05 PDT 2015; root:xnu-2782.20.48~5/RELEASE_X86_64
Kernel configured for up to 2 processors.
2 processors are physically available.
2 processors are logically available.
Processor type: i486 (Intel 80486)
Processors active: 0 1
Primary memory available: 4.00 gigabytes
Default processor set: 205 tasks, 744 threads, 2 processors
Load average: 1.56, Mach factor: 0.55
/bin/machine           = unknown
/usr/bin/oslevel       = unknown
/bin/universe          = unknown

PATH: /usr/local/bin
PATH: /usr/bin
PATH: /bin
PATH: /usr/sbin
PATH: /sbin
PATH: /opt/X11/bin


## ----------- ##
## Core tests. ##
## ----------- ##

configure:2358: checking for a BSD-compatible install
configure:2426: result: /usr/bin/install -c
configure:2437: checking whether build environment is sane
configure:2492: result: yes
configure:2530: WARNING: 'missing' script is too old or missing
configure:2643: checking for a thread-safe mkdir -p
configure:2682: result: ./install-sh -c -d
configure:2689: checking for gawk
configure:2719: result: no
configure:2689: checking for mawk
configure:2719: result: no
configure:2689: checking for nawk
configure:2719: result: no
configure:2689: checking for awk
configure:2705: found /usr/bin/awk
configure:2716: result: awk
configure:2727: checking whether make sets $(MAKE)
configure:2749: result: yes
configure:2778: checking whether make supports nested variables
configure:2795: result: yes
configure:2926: checking for style of include used by make
configure:2954: result: GNU
configure:3025: checking for gcc
configure:3041: found /usr/bin/gcc
configure:3052: result: gcc
configure:3281: checking for C compiler version
configure:3290: gcc --version >&5
Apple LLVM version 6.1.0 (clang-602.0.53) (based on LLVM 3.6.0svn)
Target: x86_64-apple-darwin14.3.0
Thread model: posix
Configured with: --prefix=/Applications/Xcode.app/Contents/Developer/usr --with-gxx-include-dir=/usr/include/c++/4.2.1
configure:3301: $? = 0
configure:3290: gcc -v >&5
Configured with: --prefix=/Applications/Xcode.app/Contents/Developer/usr --with-gxx-include-dir=/usr/include/c++/4.2.1
Apple LLVM version 6.1.0 (clang-602.0.53) (based on LLVM 3.6.0svn)
Target: x86_64-apple-darwin14.3.0
Thread model: posix
configure:3301: $? = 0
configure:3290: gcc -V >&5
clang: error: argument to '-V' is missing (expected 1 value)
clang: error: no input files
configure:3301: $? = 1
configure:3290: gcc -qversion >&5
clang: error: unknown argument: '-qversion'
clang: error: no input files
configure:3301: $? = 1
configure:3321: checking whether the C compiler works
configure:3343: gcc    conftest.c  >&5
configure:3347: $? = 0
configure:3395: result: yes
configure:3398: checking for C compiler default output file name
configure:3400: result: a.out
configure:3406: checking for suffix of executables
configure:3413: gcc -o conftest    conftest.c  >&5
configure:3417: $? = 0
configure:3439: result: 
configure:3461: checking whether we are cross compiling
configure:3469: gcc -o conftest    conftest.c  >&5
configure:3473: $? = 0
configure:3480: ./conftest
configure:3484: $? = 0
configure:3499: result: no
configure:3504: checking for suffix of object files
configure:3526: gcc -c   conftest.c >&5
configure:3530: $? = 0
configure:3551: result: o
configure:3555: checking whether we are using the GNU C compiler
configure:3574: gcc -c   conftest.c >&5
configure:3574: $? = 0
configure:3583: result: yes
configure:3592: checking whether gcc accepts -g
configure:3612: gcc -c -g  conftest.c >&5
configure:3612: $? = 0
configure:3653: result: yes
configure:3670: checking for gcc option to accept ISO C89
configure:3733: gcc  -c -g -O2  conftest.c >&5
configure:3733: $? = 0
configure:3746: result: none needed
configure:3771: checking whether gcc understands -c and -o together
configure:3793: gcc -c conftest.c -o conftest2.o
configure:3796: $? = 0
configure:3793: gcc -c conftest.c -o conftest2.o
configure:3796: $? = 0
configure:3808: result: yes
configure:3827: checking dependency style of gcc
configure:3938: result: gcc3
configure:3959: checking how to run the C preprocessor
configure:3990: gcc -E  conftest.c
configure:3990: $? = 0
configure:4004: gcc -E  conftest.c
conftest.c:9:10: fatal error: 'ac_nonexistent.h' file not found
#include <ac_nonexistent.h>
         ^
1 error generated.
configure:4004: $? = 1
configure: failed program was:
| /* confdefs.h */
| #define PACKAGE_NAME ""
| #define PACKAGE_TARNAME ""
| #define PACKAGE_VERSION ""
| #define PACKAGE_STRING ""
| #define PACKAGE_BUGREPORT ""
| #define PACKAGE_URL ""
| /* end confdefs.h.  */
| #include <ac_nonexistent.h>
configure:4029: result: gcc -E
configure:4049: gcc -E  conftest.c
configure:4049: $? = 0
configure:4063: gcc -E  conftest.c
conftest.c:9:10: fatal error: 'ac_nonexistent.h' file not found
#include <ac_nonexistent.h>
         ^
1 error generated.
configure:4063: $? = 1
configure: failed program was:
| /* confdefs.h */
| #define PACKAGE_NAME ""
| #define PACKAGE_TARNAME ""
| #define PACKAGE_VERSION ""
| #define PACKAGE_STRING ""
| #define PACKAGE_BUGREPORT ""
| #define PACKAGE_URL ""
| /* end confdefs.h.  */
| #include <ac_nonexistent.h>
configure:4092: checking for grep that handles long lines and -e
configure:4150: result: /usr/bin/grep
configure:4155: checking for egrep
configure:4217: result: /usr/bin/grep -E
configure:4222: checking for ANSI C header files
configure:4242: gcc -c -g -O2  conftest.c >&5
configure:4242: $? = 0
configure:4315: gcc -o conftest -g -O2   conftest.c  >&5
configure:4315: $? = 0
configure:4315: ./conftest
configure:4315: $? = 0
configure:4326: result: yes
configure:4339: checking for sys/types.h
configure:4339: gcc -c -g -O2  conftest.c >&5
configure:4339: $? = 0
configure:4339: result: yes
configure:4339: checking for sys/stat.h
configure:4339: gcc -c -g -O2  conftest.c >&5
configure:4339: $? = 0
configure:4339: result: yes
configure:4339: checking for stdlib.h
configure:4339: gcc -c -g -O2  conftest.c >&5
configure:4339: $? = 0
configure:4339: result: yes
configure:4339: checking for string.h
configure:4339: gcc -c -g -O2  conftest.c >&5
configure:4339: $? = 0
configure:4339: result: yes
configure:4339: checking for memory.h
configure:4339: gcc -c -g -O2  conftest.c >&5
configure:4339: $? = 0
configure:4339: result: yes
configure:4339: checking for strings.h
configure:4339: gcc -c -g -O2  conftest.c >&5
configure:4339: $? = 0
configure:4339: result: yes
configure:4339: checking for inttypes.h
configure:4339: gcc -c -g -O2  conftest.c >&5
configure:4339: $? = 0
configure:4339: result: yes
configure:4339: checking for stdint.h
configure:4339: gcc -c -g -O2  conftest.c >&5
configure:4339: $? = 0
configure:4339: result: yes
configure:4339: checking for unistd.h
configure:4339: gcc -c -g -O2  conftest.c >&5
configure:4339: $? = 0
configure:4339: result: yes
configure:4352: checking minix/config.h usability
configure:4352: gcc -c -g -O2  conftest.c >&5
conftest.c:52:10: fatal error: 'minix/config.h' file not found
#include <minix/config.h>
         ^
1 error generated.
configure:4352: $? = 1
configure: failed program was:
| /* confdefs.h */
| #define PACKAGE_NAME ""
| #define PACKAGE_TARNAME ""
| #define PACKAGE_VERSION ""
| #define PACKAGE_STRING ""
| #define PACKAGE_BUGREPORT ""
| #define PACKAGE_URL ""
| #define STDC_HEADERS 1
| #define HAVE_SYS_TYPES_H 1
| #define HAVE_SYS_STAT_H 1
| #define HAVE_STDLIB_H 1
| #define HAVE_STRING_H 1
| #define HAVE_MEMORY_H 1
| #define HAVE_STRINGS_H 1
| #define HAVE_INTTYPES_H 1
| #define HAVE_STDINT_H 1
| #define HAVE_UNISTD_H 1
| /* end confdefs.h.  */
| #include <stdio.h>
| #ifdef HAVE_SYS_TYPES_H
| # include <sys/types.h>
| #endif
| #ifdef HAVE_SYS_STAT_H
| # include <sys/stat.h>
| #endif
| #ifdef STDC_HEADERS
| # include <stdlib.h>
| # include <stddef.h>
| #else
| # ifdef HAVE_STDLIB_H
| #  include <stdlib.h>
| # endif
| #endif
| #ifdef HAVE_STRING_H
| # if !defined STDC_HEADERS && defined HAVE_MEMORY_H
| #  include <memory.h>
| # endif
| # include <string.h>
| #endif
| #ifdef HAVE_STRINGS_H
| # include <strings.h>
| #endif
| #ifdef HAVE_INTTYPES_H
| # include <inttypes.h>
| #endif
| #ifdef HAVE_STDINT_H
| # include <stdint.h>
| #endif
| #ifdef HAVE_UNISTD_H
| # include <unistd.h>
| #endif
| #include <minix/config.h>
configure:4352: result: no
configure:4352: checking minix/config.h presence
configure:4352: gcc -E  conftest.c
conftest.c:19:10: fatal error: 'minix/config.h' file not found
#include <minix/config.h>
         ^
1 error generated.
configure:4352: $? = 1
configure: failed program was:
| /* confdefs.h */
| #define PACKAGE_NAME ""
| #define PACKAGE_TARNAME ""
| #define PACKAGE_VERSION ""
| #define PACKAGE_STRING ""
| #define PACKAGE_BUGREPORT ""
| #define PACKAGE_URL ""
| #define STDC_HEADERS 1
| #define HAVE_SYS_TYPES_H 1
| #define HAVE_SYS_STAT_H 1
| #define HAVE_STDLIB_H 1
| #define HAVE_STRING_H 1
| #define HAVE_MEMORY_H 1
| #define HAVE_STRINGS_H 1
| #define HAVE_INTTYPES_H 1
| #define HAVE_STDINT_H 1
| #define HAVE_UNISTD_H 1
| /* end confdefs.h.  */
| #include <minix/config.h>
configure:4352: result: no
configure:4352: checking for minix/config.h
configure:4352: result: no
configure:4373: checking whether it is safe to define __EXTENSIONS__
configure:4391: gcc -c -g -O2  conftest.c >&5
configure:4391: $? = 0
configure:4398: result: yes
configure:4813: checking for gcc
configure:4840: result: gcc
configure:5069: checking for C compiler version
configure:5078: gcc --version >&5
Apple LLVM version 6.1.0 (clang-602.0.53) (based on LLVM 3.6.0svn)
Target: x86_64-apple-darwin14.3.0
Thread model: posix
Configured with: --prefix=/Applications/Xcode.app/Contents/Developer/usr --with-gxx-include-dir=/usr/include/c++/4.2.1
configure:5089: $? = 0
configure:5078: gcc -v >&5
Configured with: --prefix=/Applications/Xcode.app/Contents/Developer/usr --with-gxx-include-dir=/usr/include/c++/4.2.1
Apple LLVM version 6.1.0 (clang-602.0.53) (based on LLVM 3.6.0svn)
Target: x86_64-apple-darwin14.3.0
Thread model: posix
configure:5089: $? = 0
configure:5078: gcc -V >&5
clang: error: argument to '-V' is missing (expected 1 value)
clang: error: no input files
configure:5089: $? = 1
configure:5078: gcc -qversion >&5
clang: error: unknown argument: '-qversion'
clang: error: no input files
configure:5089: $? = 1
configure:5093: checking whether we are using the GNU C compiler
configure:5121: result: yes
configure:5130: checking whether gcc accepts -g
configure:5191: result: yes
configure:5208: checking for gcc option to accept ISO C89
configure:5284: result: none needed
configure:5309: checking whether gcc understands -c and -o together
configure:5346: result: yes
configure:5365: checking dependency style of gcc
configure:5476: result: gcc3
configure:5539: checking for gcc
configure:5566: result: gcc
configure:5795: checking for C compiler version
configure:5804: gcc --version >&5
Apple LLVM version 6.1.0 (clang-602.0.53) (based on LLVM 3.6.0svn)
Target: x86_64-apple-darwin14.3.0
Thread model: posix
Configured with: --prefix=/Applications/Xcode.app/Contents/Developer/usr --with-gxx-include-dir=/usr/include/c++/4.2.1
configure:5815: $? = 0
configure:5804: gcc -v >&5
Configured with: --prefix=/Applications/Xcode.app/Contents/Developer/usr --with-gxx-include-dir=/usr/include/c++/4.2.1
Apple LLVM version 6.1.0 (clang-602.0.53) (based on LLVM 3.6.0svn)
Target: x86_64-apple-darwin14.3.0
Thread model: posix
configure:5815: $? = 0
configure:5804: gcc -V >&5
clang: error: argument to '-V' is missing (expected 1 value)
clang: error: no input files
configure:5815: $? = 1
configure:5804: gcc -qversion >&5
clang: error: unknown argument: '-qversion'
clang: error: no input files
configure:5815: $? = 1
configure:5819: checking whether we are using the GNU C compiler
configure:5847: result: yes
configure:5856: checking whether gcc accepts -g
configure:5917: result: yes
configure:5934: checking for gcc option to accept ISO C89
configure:6010: result: none needed
configure:6035: checking whether gcc understands -c and -o together
configure:6072: result: yes
configure:6091: checking dependency style of gcc
configure:6202: result: gcc3
configure:6451: checking for ranlib
configure:6467: found /usr/bin/ranlib
configure:6478: result: ranlib
configure:6511: checking for autodetect build target
configure:6528: result: "Darwin"
configure:6771: checking for ANSI C header files
configure:6875: result: yes
configure:6883: checking for sys/wait.h that is POSIX.1 compatible
configure:6909: gcc -c -g -O2  conftest.c >&5
configure:6909: $? = 0
configure:6916: result: yes
configure:6927: checking fcntl.h usability
configure:6927: gcc -c -g -O2  conftest.c >&5
configure:6927: $? = 0
configure:6927: result: yes
configure:6927: checking fcntl.h presence
configure:6927: gcc -E  conftest.c
configure:6927: $? = 0
configure:6927: result: yes
configure:6927: checking for fcntl.h
configure:6927: result: yes
configure:6927: checking malloc.h usability
configure:6927: gcc -c -g -O2  conftest.c >&5
conftest.c:68:10: fatal error: 'malloc.h' file not found
#include <malloc.h>
         ^
1 error generated.
configure:6927: $? = 1
configure: failed program was:
| /* confdefs.h */
| #define PACKAGE_NAME ""
| #define PACKAGE_TARNAME ""
| #define PACKAGE_VERSION ""
| #define PACKAGE_STRING ""
| #define PACKAGE_BUGREPORT ""
| #define PACKAGE_URL ""
| #define STDC_HEADERS 1
| #define HAVE_SYS_TYPES_H 1
| #define HAVE_SYS_STAT_H 1
| #define HAVE_STDLIB_H 1
| #define HAVE_STRING_H 1
| #define HAVE_MEMORY_H 1
| #define HAVE_STRINGS_H 1
| #define HAVE_INTTYPES_H 1
| #define HAVE_STDINT_H 1
| #define HAVE_UNISTD_H 1
| #define __EXTENSIONS__ 1
| #define _ALL_SOURCE 1
| #define _GNU_SOURCE 1
| #define _POSIX_PTHREAD_SEMANTICS 1
| #define _TANDEM_SOURCE 1
| #define VERSION "1.2.9b-par"
| #define CACHEDIR "/var/cache/pdnsd"
| #define ENABLE_IPV4 1
| #define DEFAULT_IPV4 1
| #define M_PRESET UDP_ONLY
| #define R_DEFAULT 1
| #define TARGET TARGET_BSD
| #define SRC_ADDR_DISC 1
| #define STDC_HEADERS 1
| #define HAVE_SYS_WAIT_H 1
| #define HAVE_FCNTL_H 1
| /* end confdefs.h.  */
| #include <stdio.h>
| #ifdef HAVE_SYS_TYPES_H
| # include <sys/types.h>
| #endif
| #ifdef HAVE_SYS_STAT_H
| # include <sys/stat.h>
| #endif
| #ifdef STDC_HEADERS
| # include <stdlib.h>
| # include <stddef.h>
| #else
| # ifdef HAVE_STDLIB_H
| #  include <stdlib.h>
| # endif
| #endif
| #ifdef HAVE_STRING_H
| # if !defined STDC_HEADERS && defined HAVE_MEMORY_H
| #  include <memory.h>
| # endif
| # include <string.h>
| #endif
| #ifdef HAVE_STRINGS_H
| # include <strings.h>
| #endif
| #ifdef HAVE_INTTYPES_H
| # include <inttypes.h>
| #endif
| #ifdef HAVE_STDINT_H
| # include <stdint.h>
| #endif
| #ifdef HAVE_UNISTD_H
| # include <unistd.h>
| #endif
| #include <malloc.h>
configure:6927: result: no
configure:6927: checking malloc.h presence
configure:6927: gcc -E  conftest.c
conftest.c:35:10: fatal error: 'malloc.h' file not found
#include <malloc.h>
         ^
1 error generated.
configure:6927: $? = 1
configure: failed program was:
| /* confdefs.h */
| #define PACKAGE_NAME ""
| #define PACKAGE_TARNAME ""
| #define PACKAGE_VERSION ""
| #define PACKAGE_STRING ""
| #define PACKAGE_BUGREPORT ""
| #define PACKAGE_URL ""
| #define STDC_HEADERS 1
| #define HAVE_SYS_TYPES_H 1
| #define HAVE_SYS_STAT_H 1
| #define HAVE_STDLIB_H 1
| #define HAVE_STRING_H 1
| #define HAVE_MEMORY_H 1
| #define HAVE_STRINGS_H 1
| #define HAVE_INTTYPES_H 1
| #define HAVE_STDINT_H 1
| #define HAVE_UNISTD_H 1
| #define __EXTENSIONS__ 1
| #define _ALL_SOURCE 1
| #define _GNU_SOURCE 1
| #define _POSIX_PTHREAD_SEMANTICS 1
| #define _TANDEM_SOURCE 1
| #define VERSION "1.2.9b-par"
| #define CACHEDIR "/var/cache/pdnsd"
| #define ENABLE_IPV4 1
| #define DEFAULT_IPV4 1
| #define M_PRESET UDP_ONLY
| #define R_DEFAULT 1
| #define TARGET TARGET_BSD
| #define SRC_ADDR_DISC 1
| #define STDC_HEADERS 1
| #define HAVE_SYS_WAIT_H 1
| #define HAVE_FCNTL_H 1
| /* end confdefs.h.  */
| #include <malloc.h>
configure:6927: result: no
configure:6927: checking for malloc.h
configure:6927: result: no
configure:6927: checking sys/ioctl.h usability
configure:6927: gcc -c -g -O2  conftest.c >&5
configure:6927: $? = 0
configure:6927: result: yes
configure:6927: checking sys/ioctl.h presence
configure:6927: gcc -E  conftest.c
configure:6927: $? = 0
configure:6927: result: yes
configure:6927: checking for sys/ioctl.h
configure:6927: result: yes
configure:6927: checking sys/time.h usability
configure:6927: gcc -c -g -O2  conftest.c >&5
configure:6927: $? = 0
configure:6927: result: yes
configure:6927: checking sys/time.h presence
configure:6927: gcc -E  conftest.c
configure:6927: $? = 0
configure:6927: result: yes
configure:6927: checking for sys/time.h
configure:6927: result: yes
configure:6927: checking syslog.h usability
configure:6927: gcc -c -g -O2  conftest.c >&5
configure:6927: $? = 0
configure:6927: result: yes
configure:6927: checking syslog.h presence
configure:6927: gcc -E  conftest.c
configure:6927: $? = 0
configure:6927: result: yes
configure:6927: checking for syslog.h
configure:6927: result: yes
configure:6927: checking for unistd.h
configure:6927: result: yes
configure:6940: checking for sys/types.h
configure:6940: result: yes
configure:6940: checking for sys/socket.h
configure:6940: gcc -c -g -O2  conftest.c >&5
configure:6940: $? = 0
configure:6940: result: yes
configure:6940: checking for net/if.h
configure:6940: gcc -c -g -O2  conftest.c >&5
configure:6940: $? = 0
configure:6940: result: yes
configure:6940: checking for netinet/in.h
configure:6940: gcc -c -g -O2  conftest.c >&5
configure:6940: $? = 0
configure:6940: result: yes
configure:6940: checking for sys/poll.h
configure:6940: gcc -c -g -O2  conftest.c >&5
configure:6940: $? = 0
configure:6940: result: yes
configure:6964: checking for an ANSI C-conforming const
configure:7030: gcc -c -g -O2  conftest.c >&5
configure:7030: $? = 0
configure:7037: result: yes
configure:7045: checking for pid_t
configure:7045: gcc -c -g -O2  conftest.c >&5
configure:7045: $? = 0
configure:7045: gcc -c -g -O2  conftest.c >&5
conftest.c:80:20: error: expected expression
if (sizeof ((pid_t)))
                   ^
1 error generated.
configure:7045: $? = 1
configure: failed program was:
| /* confdefs.h */
| #define PACKAGE_NAME ""
| #define PACKAGE_TARNAME ""
| #define PACKAGE_VERSION ""
| #define PACKAGE_STRING ""
| #define PACKAGE_BUGREPORT ""
| #define PACKAGE_URL ""
| #define STDC_HEADERS 1
| #define HAVE_SYS_TYPES_H 1
| #define HAVE_SYS_STAT_H 1
| #define HAVE_STDLIB_H 1
| #define HAVE_STRING_H 1
| #define HAVE_MEMORY_H 1
| #define HAVE_STRINGS_H 1
| #define HAVE_INTTYPES_H 1
| #define HAVE_STDINT_H 1
| #define HAVE_UNISTD_H 1
| #define __EXTENSIONS__ 1
| #define _ALL_SOURCE 1
| #define _GNU_SOURCE 1
| #define _POSIX_PTHREAD_SEMANTICS 1
| #define _TANDEM_SOURCE 1
| #define VERSION "1.2.9b-par"
| #define CACHEDIR "/var/cache/pdnsd"
| #define ENABLE_IPV4 1
| #define DEFAULT_IPV4 1
| #define M_PRESET UDP_ONLY
| #define R_DEFAULT 1
| #define TARGET TARGET_BSD
| #define SRC_ADDR_DISC 1
| #define STDC_HEADERS 1
| #define HAVE_SYS_WAIT_H 1
| #define HAVE_FCNTL_H 1
| #define HAVE_SYS_IOCTL_H 1
| #define HAVE_SYS_TIME_H 1
| #define HAVE_SYSLOG_H 1
| #define HAVE_UNISTD_H 1
| #define HAVE_SYS_TYPES_H 1
| #define HAVE_SYS_SOCKET_H 1
| #define HAVE_NET_IF_H 1
| #define HAVE_NETINET_IN_H 1
| #define HAVE_SYS_POLL_H 1
| /* end confdefs.h.  */
| #include <stdio.h>
| #ifdef HAVE_SYS_TYPES_H
| # include <sys/types.h>
| #endif
| #ifdef HAVE_SYS_STAT_H
| # include <sys/stat.h>
| #endif
| #ifdef STDC_HEADERS
| # include <stdlib.h>
| # include <stddef.h>
| #else
| # ifdef HAVE_STDLIB_H
| #  include <stdlib.h>
| # endif
| #endif
| #ifdef HAVE_STRING_H
| # if !defined STDC_HEADERS && defined HAVE_MEMORY_H
| #  include <memory.h>
| # endif
| # include <string.h>
| #endif
| #ifdef HAVE_STRINGS_H
| # include <strings.h>
| #endif
| #ifdef HAVE_INTTYPES_H
| # include <inttypes.h>
| #endif
| #ifdef HAVE_STDINT_H
| # include <stdint.h>
| #endif
| #ifdef HAVE_UNISTD_H
| # include <unistd.h>
| #endif
| int
| main ()
| {
| if (sizeof ((pid_t)))
| 	    return 0;
|   ;
|   return 0;
| }
configure:7045: result: yes
configure:7056: checking for size_t
configure:7056: gcc -c -g -O2  conftest.c >&5
configure:7056: $? = 0
configure:7056: gcc -c -g -O2  conftest.c >&5
conftest.c:80:21: error: expected expression
if (sizeof ((size_t)))
                    ^
1 error generated.
configure:7056: $? = 1
configure: failed program was:
| /* confdefs.h */
| #define PACKAGE_NAME ""
| #define PACKAGE_TARNAME ""
| #define PACKAGE_VERSION ""
| #define PACKAGE_STRING ""
| #define PACKAGE_BUGREPORT ""
| #define PACKAGE_URL ""
| #define STDC_HEADERS 1
| #define HAVE_SYS_TYPES_H 1
| #define HAVE_SYS_STAT_H 1
| #define HAVE_STDLIB_H 1
| #define HAVE_STRING_H 1
| #define HAVE_MEMORY_H 1
| #define HAVE_STRINGS_H 1
| #define HAVE_INTTYPES_H 1
| #define HAVE_STDINT_H 1
| #define HAVE_UNISTD_H 1
| #define __EXTENSIONS__ 1
| #define _ALL_SOURCE 1
| #define _GNU_SOURCE 1
| #define _POSIX_PTHREAD_SEMANTICS 1
| #define _TANDEM_SOURCE 1
| #define VERSION "1.2.9b-par"
| #define CACHEDIR "/var/cache/pdnsd"
| #define ENABLE_IPV4 1
| #define DEFAULT_IPV4 1
| #define M_PRESET UDP_ONLY
| #define R_DEFAULT 1
| #define TARGET TARGET_BSD
| #define SRC_ADDR_DISC 1
| #define STDC_HEADERS 1
| #define HAVE_SYS_WAIT_H 1
| #define HAVE_FCNTL_H 1
| #define HAVE_SYS_IOCTL_H 1
| #define HAVE_SYS_TIME_H 1
| #define HAVE_SYSLOG_H 1
| #define HAVE_UNISTD_H 1
| #define HAVE_SYS_TYPES_H 1
| #define HAVE_SYS_SOCKET_H 1
| #define HAVE_NET_IF_H 1
| #define HAVE_NETINET_IN_H 1
| #define HAVE_SYS_POLL_H 1
| /* end confdefs.h.  */
| #include <stdio.h>
| #ifdef HAVE_SYS_TYPES_H
| # include <sys/types.h>
| #endif
| #ifdef HAVE_SYS_STAT_H
| # include <sys/stat.h>
| #endif
| #ifdef STDC_HEADERS
| # include <stdlib.h>
| # include <stddef.h>
| #else
| # ifdef HAVE_STDLIB_H
| #  include <stdlib.h>
| # endif
| #endif
| #ifdef HAVE_STRING_H
| # if !defined STDC_HEADERS && defined HAVE_MEMORY_H
| #  include <memory.h>
| # endif
| # include <string.h>
| #endif
| #ifdef HAVE_STRINGS_H
| # include <strings.h>
| #endif
| #ifdef HAVE_INTTYPES_H
| # include <inttypes.h>
| #endif
| #ifdef HAVE_STDINT_H
| # include <stdint.h>
| #endif
| #ifdef HAVE_UNISTD_H
| # include <unistd.h>
| #endif
| int
| main ()
| {
| if (sizeof ((size_t)))
| 	    return 0;
|   ;
|   return 0;
| }
configure:7056: result: yes
configure:7067: checking whether time.h and sys/time.h may both be included
configure:7087: gcc -c -g -O2  conftest.c >&5
configure:7087: $? = 0
configure:7094: result: yes
configure:7102: checking whether struct tm is in sys/time.h or time.h
configure:7122: gcc -c -g -O2  conftest.c >&5
configure:7122: $? = 0
configure:7129: result: time.h
configure:7137: checking for socklen_t
configure:7137: gcc -c -g -O2  conftest.c >&5
configure:7137: $? = 0
configure:7137: gcc -c -g -O2  conftest.c >&5
conftest.c:57:24: error: expected expression
if (sizeof ((socklen_t)))
                       ^
1 error generated.
configure:7137: $? = 1
configure: failed program was:
| /* confdefs.h */
| #define PACKAGE_NAME ""
| #define PACKAGE_TARNAME ""
| #define PACKAGE_VERSION ""
| #define PACKAGE_STRING ""
| #define PACKAGE_BUGREPORT ""
| #define PACKAGE_URL ""
| #define STDC_HEADERS 1
| #define HAVE_SYS_TYPES_H 1
| #define HAVE_SYS_STAT_H 1
| #define HAVE_STDLIB_H 1
| #define HAVE_STRING_H 1
| #define HAVE_MEMORY_H 1
| #define HAVE_STRINGS_H 1
| #define HAVE_INTTYPES_H 1
| #define HAVE_STDINT_H 1
| #define HAVE_UNISTD_H 1
| #define __EXTENSIONS__ 1
| #define _ALL_SOURCE 1
| #define _GNU_SOURCE 1
| #define _POSIX_PTHREAD_SEMANTICS 1
| #define _TANDEM_SOURCE 1
| #define VERSION "1.2.9b-par"
| #define CACHEDIR "/var/cache/pdnsd"
| #define ENABLE_IPV4 1
| #define DEFAULT_IPV4 1
| #define M_PRESET UDP_ONLY
| #define R_DEFAULT 1
| #define TARGET TARGET_BSD
| #define SRC_ADDR_DISC 1
| #define STDC_HEADERS 1
| #define HAVE_SYS_WAIT_H 1
| #define HAVE_FCNTL_H 1
| #define HAVE_SYS_IOCTL_H 1
| #define HAVE_SYS_TIME_H 1
| #define HAVE_SYSLOG_H 1
| #define HAVE_UNISTD_H 1
| #define HAVE_SYS_TYPES_H 1
| #define HAVE_SYS_SOCKET_H 1
| #define HAVE_NET_IF_H 1
| #define HAVE_NETINET_IN_H 1
| #define HAVE_SYS_POLL_H 1
| #define TIME_WITH_SYS_TIME 1
| /* end confdefs.h.  */
| #ifdef WIN32
| #include <ws2tcpip.h>
| #else
| #include <sys/types.h>
| #include <sys/socket.h>
| #include <net/if.h>
| #include <netinet/in.h>
| #endif
| 
| int
| main ()
| {
| if (sizeof ((socklen_t)))
| 	    return 0;
|   ;
|   return 0;
| }
configure:7137: result: yes
configure:7158: checking for struct in6_addr
configure:7158: gcc -c -g -O2  conftest.c >&5
configure:7158: $? = 0
configure:7158: gcc -c -g -O2  conftest.c >&5
conftest.c:59:30: error: expected expression
if (sizeof ((struct in6_addr)))
                             ^
1 error generated.
configure:7158: $? = 1
configure: failed program was:
| /* confdefs.h */
| #define PACKAGE_NAME ""
| #define PACKAGE_TARNAME ""
| #define PACKAGE_VERSION ""
| #define PACKAGE_STRING ""
| #define PACKAGE_BUGREPORT ""
| #define PACKAGE_URL ""
| #define STDC_HEADERS 1
| #define HAVE_SYS_TYPES_H 1
| #define HAVE_SYS_STAT_H 1
| #define HAVE_STDLIB_H 1
| #define HAVE_STRING_H 1
| #define HAVE_MEMORY_H 1
| #define HAVE_STRINGS_H 1
| #define HAVE_INTTYPES_H 1
| #define HAVE_STDINT_H 1
| #define HAVE_UNISTD_H 1
| #define __EXTENSIONS__ 1
| #define _ALL_SOURCE 1
| #define _GNU_SOURCE 1
| #define _POSIX_PTHREAD_SEMANTICS 1
| #define _TANDEM_SOURCE 1
| #define VERSION "1.2.9b-par"
| #define CACHEDIR "/var/cache/pdnsd"
| #define ENABLE_IPV4 1
| #define DEFAULT_IPV4 1
| #define M_PRESET UDP_ONLY
| #define R_DEFAULT 1
| #define TARGET TARGET_BSD
| #define SRC_ADDR_DISC 1
| #define STDC_HEADERS 1
| #define HAVE_SYS_WAIT_H 1
| #define HAVE_FCNTL_H 1
| #define HAVE_SYS_IOCTL_H 1
| #define HAVE_SYS_TIME_H 1
| #define HAVE_SYSLOG_H 1
| #define HAVE_UNISTD_H 1
| #define HAVE_SYS_TYPES_H 1
| #define HAVE_SYS_SOCKET_H 1
| #define HAVE_NET_IF_H 1
| #define HAVE_NETINET_IN_H 1
| #define HAVE_SYS_POLL_H 1
| #define TIME_WITH_SYS_TIME 1
| #define HAVE_SOCKLEN_T 1
| /* end confdefs.h.  */
| #ifdef WIN32
| #include <ws2tcpip.h>
| #include <mswsock.h>
| #else
| #include <sys/types.h>
| #include <sys/socket.h>
| #include <net/if.h>
| #include <netinet/in.h>
| #endif
| 
| int
| main ()
| {
| if (sizeof ((struct in6_addr)))
| 	    return 0;
|   ;
|   return 0;
| }
configure:7158: result: yes
configure:7176: checking for struct in_pktinfo
configure:7176: gcc -c -g -O2  conftest.c >&5
configure:7176: $? = 0
configure:7176: gcc -c -g -O2  conftest.c >&5
conftest.c:60:32: error: expected expression
if (sizeof ((struct in_pktinfo)))
                               ^
1 error generated.
configure:7176: $? = 1
configure: failed program was:
| /* confdefs.h */
| #define PACKAGE_NAME ""
| #define PACKAGE_TARNAME ""
| #define PACKAGE_VERSION ""
| #define PACKAGE_STRING ""
| #define PACKAGE_BUGREPORT ""
| #define PACKAGE_URL ""
| #define STDC_HEADERS 1
| #define HAVE_SYS_TYPES_H 1
| #define HAVE_SYS_STAT_H 1
| #define HAVE_STDLIB_H 1
| #define HAVE_STRING_H 1
| #define HAVE_MEMORY_H 1
| #define HAVE_STRINGS_H 1
| #define HAVE_INTTYPES_H 1
| #define HAVE_STDINT_H 1
| #define HAVE_UNISTD_H 1
| #define __EXTENSIONS__ 1
| #define _ALL_SOURCE 1
| #define _GNU_SOURCE 1
| #define _POSIX_PTHREAD_SEMANTICS 1
| #define _TANDEM_SOURCE 1
| #define VERSION "1.2.9b-par"
| #define CACHEDIR "/var/cache/pdnsd"
| #define ENABLE_IPV4 1
| #define DEFAULT_IPV4 1
| #define M_PRESET UDP_ONLY
| #define R_DEFAULT 1
| #define TARGET TARGET_BSD
| #define SRC_ADDR_DISC 1
| #define STDC_HEADERS 1
| #define HAVE_SYS_WAIT_H 1
| #define HAVE_FCNTL_H 1
| #define HAVE_SYS_IOCTL_H 1
| #define HAVE_SYS_TIME_H 1
| #define HAVE_SYSLOG_H 1
| #define HAVE_UNISTD_H 1
| #define HAVE_SYS_TYPES_H 1
| #define HAVE_SYS_SOCKET_H 1
| #define HAVE_NET_IF_H 1
| #define HAVE_NETINET_IN_H 1
| #define HAVE_SYS_POLL_H 1
| #define TIME_WITH_SYS_TIME 1
| #define HAVE_SOCKLEN_T 1
| #define HAVE_STRUCT_IN6_ADDR 1
| /* end confdefs.h.  */
| #ifdef WIN32
| #include <ws2tcpip.h>
| #include <mswsock.h>
| #else
| #include <sys/types.h>
| #include <sys/socket.h>
| #include <net/if.h>
| #include <netinet/in.h>
| #endif
| 
| int
| main ()
| {
| if (sizeof ((struct in_pktinfo)))
| 	    return 0;
|   ;
|   return 0;
| }
configure:7176: result: yes
configure:7194: checking for struct ifreq
configure:7194: gcc -c -g -O2  conftest.c >&5
configure:7194: $? = 0
configure:7194: gcc -c -g -O2  conftest.c >&5
conftest.c:61:27: error: expected expression
if (sizeof ((struct ifreq)))
                          ^
1 error generated.
configure:7194: $? = 1
configure: failed program was:
| /* confdefs.h */
| #define PACKAGE_NAME ""
| #define PACKAGE_TARNAME ""
| #define PACKAGE_VERSION ""
| #define PACKAGE_STRING ""
| #define PACKAGE_BUGREPORT ""
| #define PACKAGE_URL ""
| #define STDC_HEADERS 1
| #define HAVE_SYS_TYPES_H 1
| #define HAVE_SYS_STAT_H 1
| #define HAVE_STDLIB_H 1
| #define HAVE_STRING_H 1
| #define HAVE_MEMORY_H 1
| #define HAVE_STRINGS_H 1
| #define HAVE_INTTYPES_H 1
| #define HAVE_STDINT_H 1
| #define HAVE_UNISTD_H 1
| #define __EXTENSIONS__ 1
| #define _ALL_SOURCE 1
| #define _GNU_SOURCE 1
| #define _POSIX_PTHREAD_SEMANTICS 1
| #define _TANDEM_SOURCE 1
| #define VERSION "1.2.9b-par"
| #define CACHEDIR "/var/cache/pdnsd"
| #define ENABLE_IPV4 1
| #define DEFAULT_IPV4 1
| #define M_PRESET UDP_ONLY
| #define R_DEFAULT 1
| #define TARGET TARGET_BSD
| #define SRC_ADDR_DISC 1
| #define STDC_HEADERS 1
| #define HAVE_SYS_WAIT_H 1
| #define HAVE_FCNTL_H 1
| #define HAVE_SYS_IOCTL_H 1
| #define HAVE_SYS_TIME_H 1
| #define HAVE_SYSLOG_H 1
| #define HAVE_UNISTD_H 1
| #define HAVE_SYS_TYPES_H 1
| #define HAVE_SYS_SOCKET_H 1
| #define HAVE_NET_IF_H 1
| #define HAVE_NETINET_IN_H 1
| #define HAVE_SYS_POLL_H 1
| #define TIME_WITH_SYS_TIME 1
| #define HAVE_SOCKLEN_T 1
| #define HAVE_STRUCT_IN6_ADDR 1
| #define HAVE_STRUCT_IN_PKTINFO 1
| /* end confdefs.h.  */
| #ifdef WIN32
| #include <ws2tcpip.h>
| #include <mswsock.h>
| #else
| #include <sys/types.h>
| #include <sys/socket.h>
| #include <net/if.h>
| #include <netinet/in.h>
| #endif
| 
| int
| main ()
| {
| if (sizeof ((struct ifreq)))
| 	    return 0;
|   ;
|   return 0;
| }
configure:7194: result: yes
configure:7214: checking for CPP C99 Variadic macro support
configure:7230: gcc -c -g -O2  conftest.c >&5
configure:7230: $? = 0
configure:7236: result: yes
configure:7249: checking for working alloca.h
configure:7266: gcc -o conftest -g -O2   conftest.c  >&5
configure:7266: $? = 0
configure:7274: result: yes
configure:7282: checking for alloca
configure:7319: gcc -o conftest -g -O2   conftest.c  >&5
configure:7319: $? = 0
configure:7327: result: yes
configure:7434: checking whether gcc needs -traditional
conftest.c:52:10: fatal error: 'termio.h' file not found
#include <termio.h>
         ^
1 error generated.
configure:7468: result: no
configure:7475: checking for working memcmp
configure:7518: gcc -o conftest -g -O2   conftest.c  >&5
configure:7518: $? = 0
configure:7518: ./conftest
configure:7518: $? = 0
configure:7528: result: yes
configure:7537: checking return type of signal handlers
configure:7555: gcc -c -g -O2  conftest.c >&5
conftest.c:58:8: error: indirection requires pointer operand ('void' invalid)
return *(signal (0, 0)) (0) == 1;
       ^~~~~~~~~~~~~~~~~~~~
1 error generated.
configure:7555: $? = 1
configure: failed program was:
| /* confdefs.h */
| #define PACKAGE_NAME ""
| #define PACKAGE_TARNAME ""
| #define PACKAGE_VERSION ""
| #define PACKAGE_STRING ""
| #define PACKAGE_BUGREPORT ""
| #define PACKAGE_URL ""
| #define STDC_HEADERS 1
| #define HAVE_SYS_TYPES_H 1
| #define HAVE_SYS_STAT_H 1
| #define HAVE_STDLIB_H 1
| #define HAVE_STRING_H 1
| #define HAVE_MEMORY_H 1
| #define HAVE_STRINGS_H 1
| #define HAVE_INTTYPES_H 1
| #define HAVE_STDINT_H 1
| #define HAVE_UNISTD_H 1
| #define __EXTENSIONS__ 1
| #define _ALL_SOURCE 1
| #define _GNU_SOURCE 1
| #define _POSIX_PTHREAD_SEMANTICS 1
| #define _TANDEM_SOURCE 1
| #define VERSION "1.2.9b-par"
| #define CACHEDIR "/var/cache/pdnsd"
| #define ENABLE_IPV4 1
| #define DEFAULT_IPV4 1
| #define M_PRESET UDP_ONLY
| #define R_DEFAULT 1
| #define TARGET TARGET_BSD
| #define SRC_ADDR_DISC 1
| #define STDC_HEADERS 1
| #define HAVE_SYS_WAIT_H 1
| #define HAVE_FCNTL_H 1
| #define HAVE_SYS_IOCTL_H 1
| #define HAVE_SYS_TIME_H 1
| #define HAVE_SYSLOG_H 1
| #define HAVE_UNISTD_H 1
| #define HAVE_SYS_TYPES_H 1
| #define HAVE_SYS_SOCKET_H 1
| #define HAVE_NET_IF_H 1
| #define HAVE_NETINET_IN_H 1
| #define HAVE_SYS_POLL_H 1
| #define TIME_WITH_SYS_TIME 1
| #define HAVE_SOCKLEN_T 1
| #define HAVE_STRUCT_IN6_ADDR 1
| #define HAVE_STRUCT_IN_PKTINFO 1
| #define HAVE_STRUCT_IFREQ 1
| #define CPP_C99_VARIADIC_MACROS 1
| #define HAVE_ALLOCA_H 1
| #define HAVE_ALLOCA 1
| /* end confdefs.h.  */
| #include <sys/types.h>
| #include <signal.h>
| 
| int
| main ()
| {
| return *(signal (0, 0)) (0) == 1;
|   ;
|   return 0;
| }
configure:7562: result: void
configure:7572: checking for vprintf
configure:7572: gcc -o conftest -g -O2   conftest.c  >&5
conftest.c:76:6: warning: incompatible redeclaration of library function 'vprintf' [-Wincompatible-library-redeclaration]
char vprintf ();
     ^
conftest.c:76:6: note: 'vprintf' is a builtin with type 'int (const char *, __va_list_tag *)'
1 warning generated.
configure:7572: $? = 0
configure:7572: result: yes
configure:7578: checking for _doprnt
configure:7578: gcc -o conftest -g -O2   conftest.c  >&5
Undefined symbols for architecture x86_64:
  "__doprnt", referenced from:
      _main in conftest-598e18.o
ld: symbol(s) not found for architecture x86_64
clang: error: linker command failed with exit code 1 (use -v to see invocation)
configure:7578: $? = 1
configure: failed program was:
| /* confdefs.h */
| #define PACKAGE_NAME ""
| #define PACKAGE_TARNAME ""
| #define PACKAGE_VERSION ""
| #define PACKAGE_STRING ""
| #define PACKAGE_BUGREPORT ""
| #define PACKAGE_URL ""
| #define STDC_HEADERS 1
| #define HAVE_SYS_TYPES_H 1
| #define HAVE_SYS_STAT_H 1
| #define HAVE_STDLIB_H 1
| #define HAVE_STRING_H 1
| #define HAVE_MEMORY_H 1
| #define HAVE_STRINGS_H 1
| #define HAVE_INTTYPES_H 1
| #define HAVE_STDINT_H 1
| #define HAVE_UNISTD_H 1
| #define __EXTENSIONS__ 1
| #define _ALL_SOURCE 1
| #define _GNU_SOURCE 1
| #define _POSIX_PTHREAD_SEMANTICS 1
| #define _TANDEM_SOURCE 1
| #define VERSION "1.2.9b-par"
| #define CACHEDIR "/var/cache/pdnsd"
| #define ENABLE_IPV4 1
| #define DEFAULT_IPV4 1
| #define M_PRESET UDP_ONLY
| #define R_DEFAULT 1
| #define TARGET TARGET_BSD
| #define SRC_ADDR_DISC 1
| #define STDC_HEADERS 1
| #define HAVE_SYS_WAIT_H 1
| #define HAVE_FCNTL_H 1
| #define HAVE_SYS_IOCTL_H 1
| #define HAVE_SYS_TIME_H 1
| #define HAVE_SYSLOG_H 1
| #define HAVE_UNISTD_H 1
| #define HAVE_SYS_TYPES_H 1
| #define HAVE_SYS_SOCKET_H 1
| #define HAVE_NET_IF_H 1
| #define HAVE_NETINET_IN_H 1
| #define HAVE_SYS_POLL_H 1
| #define TIME_WITH_SYS_TIME 1
| #define HAVE_SOCKLEN_T 1
| #define HAVE_STRUCT_IN6_ADDR 1
| #define HAVE_STRUCT_IN_PKTINFO 1
| #define HAVE_STRUCT_IFREQ 1
| #define CPP_C99_VARIADIC_MACROS 1
| #define HAVE_ALLOCA_H 1
| #define HAVE_ALLOCA 1
| #define RETSIGTYPE void
| #define HAVE_VPRINTF 1
| /* end confdefs.h.  */
| /* Define _doprnt to an innocuous variant, in case <limits.h> declares _doprnt.
|    For example, HP-UX 11i <limits.h> declares gettimeofday.  */
| #define _doprnt innocuous__doprnt
| 
| /* System header to define __stub macros and hopefully few prototypes,
|     which can conflict with char _doprnt (); below.
|     Prefer <limits.h> to <assert.h> if __STDC__ is defined, since
|     <limits.h> exists even on freestanding compilers.  */
| 
| #ifdef __STDC__
| # include <limits.h>
| #else
| # include <assert.h>
| #endif
| 
| #undef _doprnt
| 
| /* Override any GCC internal prototype to avoid an error.
|    Use char because int might match the return type of a GCC
|    builtin and then its argument prototype would still apply.  */
| #ifdef __cplusplus
| extern "C"
| #endif
| char _doprnt ();
| /* The GNU C library defines this for functions which it implements
|     to always fail with ENOSYS.  Some functions are actually named
|     something starting with __ and the normal name is an alias.  */
| #if defined __stub__doprnt || defined __stub____doprnt
| choke me
| #endif
| 
| int
| main ()
| {
| return _doprnt ();
|   ;
|   return 0;
| }
configure:7578: result: no
configure:7885: checking for library containing nanosleep
configure:7916: gcc -o conftest -g -O2   conftest.c  >&5
configure:7916: $? = 0
configure:7933: result: none required
configure:7941: checking for library containing socket
configure:7972: gcc -o conftest -g -O2   conftest.c  >&5
configure:7972: $? = 0
configure:7989: result: none required
configure:7997: checking for library containing inet_aton
configure:8028: gcc -o conftest -g -O2   conftest.c  >&5
configure:8028: $? = 0
configure:8045: result: none required
configure:8056: checking for nanosleep
configure:8056: gcc -o conftest -g -O2   conftest.c  >&5
configure:8056: $? = 0
configure:8056: result: yes
configure:8056: checking for gettimeofday
configure:8056: gcc -o conftest -g -O2   conftest.c  >&5
configure:8056: $? = 0
configure:8056: result: yes
configure:8056: checking for mkfifo
configure:8056: gcc -o conftest -g -O2   conftest.c  >&5
configure:8056: $? = 0
configure:8056: result: yes
configure:8056: checking for select
configure:8056: gcc -o conftest -g -O2   conftest.c  >&5
configure:8056: $? = 0
configure:8056: result: yes
configure:8056: checking for socket
configure:8056: gcc -o conftest -g -O2   conftest.c  >&5
configure:8056: $? = 0
configure:8056: result: yes
configure:8056: checking for strerror
configure:8056: gcc -o conftest -g -O2   conftest.c  >&5
conftest.c:82:6: warning: incompatible redeclaration of library function 'strerror' [-Wincompatible-library-redeclaration]
char strerror ();
     ^
conftest.c:82:6: note: 'strerror' is a builtin with type 'char *(int)'
1 warning generated.
configure:8056: $? = 0
configure:8056: result: yes
configure:8056: checking for uname
configure:8056: gcc -o conftest -g -O2   conftest.c  >&5
configure:8056: $? = 0
configure:8056: result: yes
configure:8056: checking for snprintf
configure:8056: gcc -o conftest -g -O2   conftest.c  >&5
conftest.c:84:6: warning: incompatible redeclaration of library function 'snprintf' [-Wincompatible-library-redeclaration]
char snprintf ();
     ^
conftest.c:84:6: note: 'snprintf' is a builtin with type 'int (char *, unsigned long, const char *, ...)'
1 warning generated.
configure:8056: $? = 0
configure:8056: result: yes
configure:8056: checking for vsnprintf
configure:8056: gcc -o conftest -g -O2   conftest.c  >&5
conftest.c:85:6: warning: incompatible redeclaration of library function 'vsnprintf' [-Wincompatible-library-redeclaration]
char vsnprintf ();
     ^
conftest.c:85:6: note: 'vsnprintf' is a builtin with type 'int (char *, unsigned long, const char *, __va_list_tag *)'
1 warning generated.
configure:8056: $? = 0
configure:8056: result: yes
configure:8070: checking for poll
configure:8070: gcc -o conftest -g -O2   conftest.c  >&5
configure:8070: $? = 0
configure:8070: result: yes
configure:8085: checking for strdup
configure:8085: gcc -o conftest -g -O2   conftest.c  >&5
conftest.c:87:6: warning: incompatible redeclaration of library function 'strdup' [-Wincompatible-library-redeclaration]
char strdup ();
     ^
conftest.c:87:6: note: 'strdup' is a builtin with type 'char *(const char *)'
1 warning generated.
configure:8085: $? = 0
configure:8085: result: yes
configure:8085: checking for strndup
configure:8085: gcc -o conftest -g -O2   conftest.c  >&5
conftest.c:88:6: warning: incompatible redeclaration of library function 'strndup' [-Wincompatible-library-redeclaration]
char strndup ();
     ^
conftest.c:88:6: note: 'strndup' is a builtin with type 'char *(const char *, unsigned long)'
1 warning generated.
configure:8085: $? = 0
configure:8085: result: yes
configure:8085: checking for stpcpy
configure:8085: gcc -o conftest -g -O2   conftest.c  >&5
conftest.c:89:6: warning: incompatible redeclaration of library function 'stpcpy' [-Wincompatible-library-redeclaration]
char stpcpy ();
     ^
conftest.c:89:6: note: 'stpcpy' is a builtin with type 'char *(char *, const char *)'
1 warning generated.
configure:8085: $? = 0
configure:8085: result: yes
configure:8085: checking for stpncpy
configure:8085: gcc -o conftest -g -O2   conftest.c  >&5
conftest.c:90:6: warning: incompatible redeclaration of library function 'stpncpy' [-Wincompatible-library-redeclaration]
char stpncpy ();
     ^
conftest.c:90:6: note: 'stpncpy' is a builtin with type 'char *(char *, const char *, unsigned long)'
1 warning generated.
configure:8085: $? = 0
configure:8085: result: yes
configure:8085: checking for strlcpy
configure:8085: gcc -o conftest -g -O2   conftest.c  >&5
conftest.c:91:6: warning: incompatible redeclaration of library function 'strlcpy' [-Wincompatible-library-redeclaration]
char strlcpy ();
     ^
conftest.c:91:6: note: 'strlcpy' is a builtin with type 'unsigned long (char *, const char *, unsigned long)'
1 warning generated.
configure:8085: $? = 0
configure:8085: result: yes
configure:8085: checking for mempcpy
configure:8085: gcc -o conftest -g -O2   conftest.c  >&5
Undefined symbols for architecture x86_64:
  "_mempcpy", referenced from:
      _main in conftest-e77233.o
ld: symbol(s) not found for architecture x86_64
clang: error: linker command failed with exit code 1 (use -v to see invocation)
configure:8085: $? = 1
configure: failed program was:
| /* confdefs.h */
| #define PACKAGE_NAME ""
| #define PACKAGE_TARNAME ""
| #define PACKAGE_VERSION ""
| #define PACKAGE_STRING ""
| #define PACKAGE_BUGREPORT ""
| #define PACKAGE_URL ""
| #define STDC_HEADERS 1
| #define HAVE_SYS_TYPES_H 1
| #define HAVE_SYS_STAT_H 1
| #define HAVE_STDLIB_H 1
| #define HAVE_STRING_H 1
| #define HAVE_MEMORY_H 1
| #define HAVE_STRINGS_H 1
| #define HAVE_INTTYPES_H 1
| #define HAVE_STDINT_H 1
| #define HAVE_UNISTD_H 1
| #define __EXTENSIONS__ 1
| #define _ALL_SOURCE 1
| #define _GNU_SOURCE 1
| #define _POSIX_PTHREAD_SEMANTICS 1
| #define _TANDEM_SOURCE 1
| #define VERSION "1.2.9b-par"
| #define CACHEDIR "/var/cache/pdnsd"
| #define ENABLE_IPV4 1
| #define DEFAULT_IPV4 1
| #define M_PRESET UDP_ONLY
| #define R_DEFAULT 1
| #define TARGET TARGET_BSD
| #define SRC_ADDR_DISC 1
| #define STDC_HEADERS 1
| #define HAVE_SYS_WAIT_H 1
| #define HAVE_FCNTL_H 1
| #define HAVE_SYS_IOCTL_H 1
| #define HAVE_SYS_TIME_H 1
| #define HAVE_SYSLOG_H 1
| #define HAVE_UNISTD_H 1
| #define HAVE_SYS_TYPES_H 1
| #define HAVE_SYS_SOCKET_H 1
| #define HAVE_NET_IF_H 1
| #define HAVE_NETINET_IN_H 1
| #define HAVE_SYS_POLL_H 1
| #define TIME_WITH_SYS_TIME 1
| #define HAVE_SOCKLEN_T 1
| #define HAVE_STRUCT_IN6_ADDR 1
| #define HAVE_STRUCT_IN_PKTINFO 1
| #define HAVE_STRUCT_IFREQ 1
| #define CPP_C99_VARIADIC_MACROS 1
| #define HAVE_ALLOCA_H 1
| #define HAVE_ALLOCA 1
| #define RETSIGTYPE void
| #define HAVE_VPRINTF 1
| #define HAVE_NANOSLEEP 1
| #define HAVE_GETTIMEOFDAY 1
| #define HAVE_MKFIFO 1
| #define HAVE_SELECT 1
| #define HAVE_SOCKET 1
| #define HAVE_STRERROR 1
| #define HAVE_UNAME 1
| #define HAVE_SNPRINTF 1
| #define HAVE_VSNPRINTF 1
| #define HAVE_POLL 1
| #define HAVE_STRDUP 1
| #define HAVE_STRNDUP 1
| #define HAVE_STPCPY 1
| #define HAVE_STPNCPY 1
| #define HAVE_STRLCPY 1
| /* end confdefs.h.  */
| /* Define mempcpy to an innocuous variant, in case <limits.h> declares mempcpy.
|    For example, HP-UX 11i <limits.h> declares gettimeofday.  */
| #define mempcpy innocuous_mempcpy
| 
| /* System header to define __stub macros and hopefully few prototypes,
|     which can conflict with char mempcpy (); below.
|     Prefer <limits.h> to <assert.h> if __STDC__ is defined, since
|     <limits.h> exists even on freestanding compilers.  */
| 
| #ifdef __STDC__
| # include <limits.h>
| #else
| # include <assert.h>
| #endif
| 
| #undef mempcpy
| 
| /* Override any GCC internal prototype to avoid an error.
|    Use char because int might match the return type of a GCC
|    builtin and then its argument prototype would still apply.  */
| #ifdef __cplusplus
| extern "C"
| #endif
| char mempcpy ();
| /* The GNU C library defines this for functions which it implements
|     to always fail with ENOSYS.  Some functions are actually named
|     something starting with __ and the normal name is an alias.  */
| #if defined __stub_mempcpy || defined __stub___mempcpy
| choke me
| #endif
| 
| int
| main ()
| {
| return mempcpy ();
|   ;
|   return 0;
| }
configure:8085: result: no
configure:8085: checking for getline
configure:8085: gcc -o conftest -g -O2   conftest.c  >&5
configure:8085: $? = 0
configure:8085: result: yes
configure:8085: checking for asprintf
configure:8085: gcc -o conftest -g -O2   conftest.c  >&5
conftest.c:104:18: warning: format string missing [-Wformat]
return asprintf ();
       ~~~~~~~~  ^
1 warning generated.
configure:8085: $? = 0
configure:8085: result: yes
configure:8085: checking for vasprintf
configure:8085: gcc -o conftest -g -O2   conftest.c  >&5
conftest.c:105:19: warning: format string missing [-Wformat]
return vasprintf ();
       ~~~~~~~~~  ^
1 warning generated.
configure:8085: $? = 0
configure:8085: result: yes
configure:8085: checking for getpwnam_r
configure:8085: gcc -o conftest -g -O2   conftest.c  >&5
configure:8085: $? = 0
configure:8085: result: yes
configure:8085: checking for inet_ntop
configure:8085: gcc -o conftest -g -O2   conftest.c  >&5
configure:8085: $? = 0
configure:8085: result: yes
configure:8085: checking for inet_pton
configure:8085: gcc -o conftest -g -O2   conftest.c  >&5
configure:8085: $? = 0
configure:8085: result: yes
configure:8205: checking that generated files are newer than configure
configure:8211: result: done
configure:8246: creating ./config.status

## ---------------------- ##
## Running config.status. ##
## ---------------------- ##

This file was extended by config.status, which was
generated by GNU Autoconf 2.69.  Invocation command line was

  CONFIG_FILES    = 
  CONFIG_HEADERS  = 
  CONFIG_LINKS    = 
  CONFIG_COMMANDS = 
  $ ./config.status 

on liyingjiedeMacBook.local

config.status:942: creating pdnsd.spec
config.status:942: creating Makefile
config.status:942: creating file-list.base
config.status:942: creating contrib/Makefile
config.status:942: creating doc/Makefile
config.status:942: creating doc/pdnsd.8
config.status:942: creating doc/pdnsd.conf.5
config.status:942: creating doc/pdnsd.conf
config.status:942: creating src/Makefile
config.status:942: creating src/pdnsd-ctl/Makefile
config.status:942: creating src/rc/Makefile
config.status:942: creating src/rc/RedHat/Makefile
config.status:942: creating src/rc/RedHat/pdnsd
config.status:942: creating src/rc/SuSE/Makefile
config.status:942: creating src/rc/SuSE/pdnsd
config.status:942: creating src/rc/Debian/Makefile
config.status:942: creating src/rc/Debian/pdnsd
config.status:942: creating src/rc/Slackware/Makefile
config.status:942: creating src/rc/Slackware/rc.pdnsd
config.status:942: creating src/rc/ArchLinux/Makefile
config.status:942: creating src/rc/ArchLinux/pdnsd
config.status:942: creating src/test/Makefile
config.status:942: creating PKGBUILD
config.status:942: creating config.h
config.status:1123: config.h is unchanged
config.status:1171: executing depfiles commands

## ---------------- ##
## Cache variables. ##
## ---------------- ##

ac_cv_c_compiler_gnu=yes
ac_cv_c_const=yes
ac_cv_env_CC_set=
ac_cv_env_CC_value=
ac_cv_env_CFLAGS_set=
ac_cv_env_CFLAGS_value=
ac_cv_env_CPPFLAGS_set=
ac_cv_env_CPPFLAGS_value=
ac_cv_env_CPP_set=
ac_cv_env_CPP_value=
ac_cv_env_LDFLAGS_set=
ac_cv_env_LDFLAGS_value=
ac_cv_env_LIBS_set=
ac_cv_env_LIBS_value=
ac_cv_env_build_alias_set=
ac_cv_env_build_alias_value=
ac_cv_env_host_alias_set=
ac_cv_env_host_alias_value=
ac_cv_env_target_alias_set=set
ac_cv_env_target_alias_value=mingw
ac_cv_func__doprnt=no
ac_cv_func_alloca_works=yes
ac_cv_func_asprintf=yes
ac_cv_func_getline=yes
ac_cv_func_getpwnam_r=yes
ac_cv_func_gettimeofday=yes
ac_cv_func_inet_ntop=yes
ac_cv_func_inet_pton=yes
ac_cv_func_memcmp_working=yes
ac_cv_func_mempcpy=no
ac_cv_func_mkfifo=yes
ac_cv_func_nanosleep=yes
ac_cv_func_poll=yes
ac_cv_func_select=yes
ac_cv_func_snprintf=yes
ac_cv_func_socket=yes
ac_cv_func_stpcpy=yes
ac_cv_func_stpncpy=yes
ac_cv_func_strdup=yes
ac_cv_func_strerror=yes
ac_cv_func_strlcpy=yes
ac_cv_func_strndup=yes
ac_cv_func_uname=yes
ac_cv_func_vasprintf=yes
ac_cv_func_vprintf=yes
ac_cv_func_vsnprintf=yes
ac_cv_header_fcntl_h=yes
ac_cv_header_inttypes_h=yes
ac_cv_header_malloc_h=no
ac_cv_header_memory_h=yes
ac_cv_header_minix_config_h=no
ac_cv_header_net_if_h=yes
ac_cv_header_netinet_in_h=yes
ac_cv_header_stdc=yes
ac_cv_header_stdint_h=yes
ac_cv_header_stdlib_h=yes
ac_cv_header_string_h=yes
ac_cv_header_strings_h=yes
ac_cv_header_sys_ioctl_h=yes
ac_cv_header_sys_poll_h=yes
ac_cv_header_sys_socket_h=yes
ac_cv_header_sys_stat_h=yes
ac_cv_header_sys_time_h=yes
ac_cv_header_sys_types_h=yes
ac_cv_header_sys_wait_h=yes
ac_cv_header_syslog_h=yes
ac_cv_header_time=yes
ac_cv_header_unistd_h=yes
ac_cv_objext=o
ac_cv_path_EGREP='/usr/bin/grep -E'
ac_cv_path_GREP=/usr/bin/grep
ac_cv_path_install='/usr/bin/install -c'
ac_cv_prog_AWK=awk
ac_cv_prog_CPP='gcc -E'
ac_cv_prog_ac_ct_CC=gcc
ac_cv_prog_ac_ct_RANLIB=ranlib
ac_cv_prog_cc_c89=
ac_cv_prog_cc_g=yes
ac_cv_prog_gcc_traditional=no
ac_cv_prog_make_make_set=yes
ac_cv_safe_to_define___extensions__=yes
ac_cv_search_inet_aton='none required'
ac_cv_search_nanosleep='none required'
ac_cv_search_socket='none required'
ac_cv_struct_tm=time.h
ac_cv_type_pid_t=yes
ac_cv_type_signal=void
ac_cv_type_size_t=yes
ac_cv_type_socklen_t=yes
ac_cv_type_struct_ifreq=yes
ac_cv_type_struct_in6_addr=yes
ac_cv_type_struct_in_pktinfo=yes
ac_cv_working_alloca_h=yes
am_cv_CC_dependencies_compiler_type=gcc3
am_cv_make_support_nested_variables=yes
am_cv_prog_cc_c_o=yes
am_cv_prog_cc_stdc=

## ----------------- ##
## Output variables. ##
## ----------------- ##

ACLOCAL='aclocal-1.14'
ALLOCA=''
AMDEPBACKSLASH='\'
AMDEP_FALSE='#'
AMDEP_TRUE=''
AMTAR='$${TAR-tar}'
AM_BACKSLASH='\'
AM_DEFAULT_V='$(AM_DEFAULT_VERBOSITY)'
AM_DEFAULT_VERBOSITY='1'
AM_V='$(V)'
AUTOCONF='autoconf'
AUTOHEADER='autoheader'
AUTOMAKE='automake-1.14'
AWK='awk'
CC='gcc'
CCDEPMODE='depmode=gcc3'
CFLAGS='-g -O2'
CPP='gcc -E'
CPPFLAGS=''
CYGPATH_W='echo'
DEFS='-DHAVE_CONFIG_H'
DEPDIR='.deps'
ECHO_C='\c'
ECHO_N=''
ECHO_T=''
EGREP='/usr/bin/grep -E'
EXEEXT=''
GREP='/usr/bin/grep'
INSTALL_DATA='${INSTALL} -m 644'
INSTALL_PROGRAM='${INSTALL}'
INSTALL_SCRIPT='${INSTALL}'
INSTALL_STRIP_PROGRAM='$(install_sh) -c -s'
LDFLAGS=''
LIBOBJS=''
LIBS=''
LTLIBOBJS=''
MAKEINFO='makeinfo'
MINGW_FALSE=''
MINGW_TRUE='#'
MKDIR_P='./install-sh -c -d'
OBJEXT='o'
PACKAGE='pdnsd'
PACKAGE_BUGREPORT=''
PACKAGE_NAME=''
PACKAGE_STRING=''
PACKAGE_TARNAME=''
PACKAGE_URL=''
PACKAGE_VERSION=''
PATH_SEPARATOR=':'
RANLIB='ranlib'
SET_MAKE=''
SHELL='/bin/sh'
STRIP=''
VERSION='1.2.9b'
WINDMC=''
WINDRES=''
ac_ct_CC='gcc'
am__EXEEXT_FALSE=''
am__EXEEXT_TRUE='#'
am__fastdepCC_FALSE='#'
am__fastdepCC_TRUE=''
am__include='include'
am__isrc=''
am__leading_dot='.'
am__nodep='_no'
am__quote=''
am__tar='$${TAR-tar} chof - "$$tardir"'
am__untar='$${TAR-tar} xf -'
bindir='${exec_prefix}/bin'
build_alias=''
cachedir='/var/cache/pdnsd'
datadir='${datarootdir}'
datarootdir='${prefix}/share'
def_id='nobody'
distribution='Generic'
docdir='${datarootdir}/doc/${PACKAGE}'
dvidir='${docdir}'
exec_prefix='${prefix}'
fullversion='1.2.9b-par'
host_alias=''
htmldir='${docdir}'
includedir='${prefix}/include'
infodir='${datarootdir}/info'
install_sh='${SHELL} /Users/d2036a/Documents/pdnsd/install-sh'
libdir='${exec_prefix}/lib'
libexecdir='${exec_prefix}/libexec'
localedir='${datarootdir}/locale'
localstatedir='${prefix}/var'
mandir='${datarootdir}/man'
mkdir_p='$(MKDIR_P)'
oldincludedir='/usr/include'
packagerelease='par'
pdfdir='${docdir}'
prefix='/usr/local'
program_transform_name='s,x,x,'
psdir='${docdir}'
sbindir='${exec_prefix}/sbin'
sharedstatedir='${prefix}/com'
specbuild='no'
sysconfdir='${prefix}/etc'
target_alias='mingw'
thread_CFLAGS=''
threadlib='default'

## ----------- ##
## confdefs.h. ##
## ----------- ##

/* confdefs.h */
#define PACKAGE_NAME ""
#define PACKAGE_TARNAME ""
#define PACKAGE_VERSION ""
#define PACKAGE_STRING ""
#define PACKAGE_BUGREPORT ""
#define PACKAGE_URL ""
#define STDC_HEADERS 1
#define HAVE_SYS_TYPES_H 1
#define HAVE_SYS_STAT_H 1
#define HAVE_STDLIB_H 1
#define HAVE_STRING_H 1
#define HAVE_MEMORY_H 1
#define HAVE_STRINGS_H 1
#define HAVE_INTTYPES_H 1
#define HAVE_STDINT_H 1
#define HAVE_UNISTD_H 1
#define __EXTENSIONS__ 1
#define _ALL_SOURCE 1
#define _GNU_SOURCE 1
#define _POSIX_PTHREAD_SEMANTICS 1
#define _TANDEM_SOURCE 1
#define VERSION "1.2.9b-par"
#define CACHEDIR "/var/cache/pdnsd"
#define ENABLE_IPV4 1
#define DEFAULT_IPV4 1
#define M_PRESET UDP_ONLY
#define R_DEFAULT 1
#define TARGET TARGET_BSD
#define SRC_ADDR_DISC 1
#define STDC_HEADERS 1
#define HAVE_SYS_WAIT_H 1
#define HAVE_FCNTL_H 1
#define HAVE_SYS_IOCTL_H 1
#define HAVE_SYS_TIME_H 1
#define HAVE_SYSLOG_H 1
#define HAVE_UNISTD_H 1
#define HAVE_SYS_TYPES_H 1
#define HAVE_SYS_SOCKET_H 1
#define HAVE_NET_IF_H 1
#define HAVE_NETINET_IN_H 1
#define HAVE_SYS_POLL_H 1
#define TIME_WITH_SYS_TIME 1
#define HAVE_SOCKLEN_T 1
#define HAVE_STRUCT_IN6_ADDR 1
#define HAVE_STRUCT_IN_PKTINFO 1
#define HAVE_STRUCT_IFREQ 1
#define CPP_C99_VARIADIC_MACROS 1
#define HAVE_ALLOCA_H 1
#define HAVE_ALLOCA 1
#define RETSIGTYPE void
#define HAVE_VPRINTF 1
#define HAVE_NANOSLEEP 1
#define HAVE_GETTIMEOFDAY 1
#define HAVE_MKFIFO 1
#define HAVE_SELECT 1
#define HAVE_SOCKET 1
#define HAVE_STRERROR 1
#define HAVE_UNAME 1
#define HAVE_SNPRINTF 1
#define HAVE_VSNPRINTF 1
#define HAVE_POLL 1
#define HAVE_STRDUP 1
#define HAVE_STRNDUP 1
#define HAVE_STPCPY 1
#define HAVE_STPNCPY 1
#define HAVE_STRLCPY 1
#define HAVE_GETLINE 1
#define HAVE_ASPRINTF 1
#define HAVE_VASPRINTF 1
#define HAVE_GETPWNAM_R 1
#define HAVE_INET_NTOP 1
#define HAVE_INET_PTON 1

configure: exit 0
